<?xml version="1.0" encoding="UTF-8"?>
<testng-results skipped="0" failed="0" total="1" passed="1">
  <reporter-output>
  </reporter-output>
  <suite name="Default suite" duration-ms="40340" started-at="2016-11-02T13:48:11Z" finished-at="2016-11-02T13:48:51Z">
    <groups>
    </groups>
    <test name="Default test" duration-ms="40340" started-at="2016-11-02T13:48:11Z" finished-at="2016-11-02T13:48:51Z">
      <class name="mavenMod.amazonProject.departmentsChooseTest">
        <test-method status="PASS" signature="setupBrowser()[pri:0, instance:mavenMod.amazonProject.departmentsChooseTest@11161c7]" name="setupBrowser" is-config="true" duration-ms="8123" started-at="2016-11-02T09:48:11Z" finished-at="2016-11-02T09:48:19Z">
          <reporter-output>
          </reporter-output>
        </test-method> <!-- setupBrowser -->
        <test-method status="PASS" signature="departmentSelectTest()[pri:0, instance:mavenMod.amazonProject.departmentsChooseTest@11161c7]" name="departmentSelectTest" duration-ms="32006" started-at="2016-11-02T09:48:19Z" finished-at="2016-11-02T09:48:51Z">
          <reporter-output>
          </reporter-output>
        </test-method> <!-- departmentSelectTest -->
        <test-method status="PASS" signature="closeBrowser()[pri:0, instance:mavenMod.amazonProject.departmentsChooseTest@11161c7]" name="closeBrowser" is-config="true" duration-ms="191" started-at="2016-11-02T09:48:51Z" finished-at="2016-11-02T09:48:51Z">
          <reporter-output>
          </reporter-output>
        </test-method> <!-- closeBrowser -->
      </class> <!-- mavenMod.amazonProject.departmentsChooseTest -->
    </test> <!-- Default test -->
  </suite> <!-- Default suite -->
</testng-results>
